Library/Bee/Android/Prj/IL2CPP/Gradle/launcher/build/intermediates/manifest_merge_blame_file/release/manifest-merger-blame-release-report.txt
1<?xml version="1.0" encoding="utf-8"?>
2<manifest xmlns:android="http://schemas.android.com/apk/res/android"
3    package="com.DefaultCompany.PrakuxARMinggu15"
4    android:installLocation="preferExternal"
5    android:versionCode="1"
6    android:versionName="0.1" >
7
8    <uses-sdk
9        android:minSdkVersion="24"
9-->src\main\AndroidManifest.xml
10        android:targetSdkVersion="32" />
10-->src\main\AndroidManifest.xml
11
12    <supports-screens
12-->src\main\AndroidManifest.xml:4:3-163
13        android:anyDensity="true"
13-->src\main\AndroidManifest.xml:4:135-160
14        android:largeScreens="true"
14-->src\main\AndroidManifest.xml:4:78-105
15        android:normalScreens="true"
15-->src\main\AndroidManifest.xml:4:49-77
16        android:smallScreens="true"
16-->src\main\AndroidManifest.xml:4:21-48
17        android:xlargeScreens="true" />
17-->src\main\AndroidManifest.xml:4:106-134
18
19    <uses-permission android:name="android.permission.INTERNET" />
19-->[:unityLibrary] AndroidManifest.xml:10:5-67
19-->[:unityLibrary] AndroidManifest.xml:10:22-64
20
21    <uses-feature android:glEsVersion="0x00030000" />
21-->[:unityLibrary] AndroidManifest.xml:12:5-54
21-->[:unityLibrary] AndroidManifest.xml:12:19-51
22    <uses-feature
22-->[:unityLibrary] AndroidManifest.xml:13:5-15:36
23        android:name="android.hardware.vulkan.version"
23-->[:unityLibrary] AndroidManifest.xml:14:9-55
24        android:required="false" />
24-->[:unityLibrary] AndroidManifest.xml:15:9-33
25    <uses-feature
25-->[:unityLibrary] AndroidManifest.xml:16:5-18:36
26        android:name="android.hardware.touchscreen"
26-->[:unityLibrary] AndroidManifest.xml:17:9-52
27        android:required="false" />
27-->[:unityLibrary] AndroidManifest.xml:18:9-33
28    <uses-feature
28-->[:unityLibrary] AndroidManifest.xml:19:5-21:36
29        android:name="android.hardware.touchscreen.multitouch"
29-->[:unityLibrary] AndroidManifest.xml:20:9-63
30        android:required="false" />
30-->[:unityLibrary] AndroidManifest.xml:21:9-33
31    <uses-feature
31-->[:unityLibrary] AndroidManifest.xml:22:5-24:36
32        android:name="android.hardware.touchscreen.multitouch.distinct"
32-->[:unityLibrary] AndroidManifest.xml:23:9-72
33        android:required="false" />
33-->[:unityLibrary] AndroidManifest.xml:24:9-33
34
35    <uses-permission android:name="android.permission.CAMERA" />
35-->[:unityLibrary] AndroidManifest.xml:26:5-65
35-->[:unityLibrary] AndroidManifest.xml:26:22-62
36
37    <uses-feature
37-->[:unityLibrary] AndroidManifest.xml:28:5-30:35
38        android:name="android.hardware.camera.ar"
38-->[:unityLibrary] AndroidManifest.xml:29:9-50
39        android:required="true" />
39-->[:unityLibrary] AndroidManifest.xml:30:9-32
40    <uses-feature
40-->[:unityLibrary] AndroidManifest.xml:31:5-33:35
41        android:name="com.google.ar.core.depth"
41-->[:unityLibrary] AndroidManifest.xml:32:9-48
42        android:required="true" />
42-->[:unityLibrary] AndroidManifest.xml:33:9-32
43
44    <queries>
44-->[:arcore_client:] AndroidManifest.xml:29:5-31:15
45        <package android:name="com.google.ar.core" />
45-->[:arcore_client:] AndroidManifest.xml:30:9-54
45-->[:arcore_client:] AndroidManifest.xml:30:18-51
46    </queries>
47
48    <application
48-->src\main\AndroidManifest.xml:3:3-83
49        android:extractNativeLibs="true"
49-->[:unityLibrary] AndroidManifest.xml:35:18-50
50        android:icon="@mipmap/app_icon"
50-->src\main\AndroidManifest.xml:3:49-80
51        android:label="@string/app_name" >
51-->src\main\AndroidManifest.xml:3:16-48
52        <meta-data
52-->[:unityLibrary] AndroidManifest.xml:36:9-38:33
53            android:name="unity.splash-mode"
53-->[:unityLibrary] AndroidManifest.xml:37:13-45
54            android:value="0" />
54-->[:unityLibrary] AndroidManifest.xml:38:13-30
55        <meta-data
55-->[:unityLibrary] AndroidManifest.xml:39:9-41:36
56            android:name="unity.splash-enable"
56-->[:unityLibrary] AndroidManifest.xml:40:13-47
57            android:value="True" />
57-->[:unityLibrary] AndroidManifest.xml:41:13-33
58        <meta-data
58-->[:unityLibrary] AndroidManifest.xml:42:9-44:36
59            android:name="unity.launch-fullscreen"
59-->[:unityLibrary] AndroidManifest.xml:43:13-51
60            android:value="True" />
60-->[:unityLibrary] AndroidManifest.xml:44:13-33
61        <meta-data
61-->[:unityLibrary] AndroidManifest.xml:45:9-47:37
62            android:name="unity.allow-resizable-window"
62-->[:unityLibrary] AndroidManifest.xml:46:13-56
63            android:value="False" />
63-->[:unityLibrary] AndroidManifest.xml:47:13-34
64        <meta-data
64-->[:unityLibrary] AndroidManifest.xml:48:9-50:50
65            android:name="notch.config"
65-->[:unityLibrary] AndroidManifest.xml:49:13-40
66            android:value="portrait|landscape" />
66-->[:unityLibrary] AndroidManifest.xml:50:13-47
67        <meta-data
67-->[:unityLibrary] AndroidManifest.xml:51:9-53:36
68            android:name="unity.auto-report-fully-drawn"
68-->[:unityLibrary] AndroidManifest.xml:52:13-57
69            android:value="true" />
69-->[:unityLibrary] AndroidManifest.xml:53:13-33
70
71        <activity
71-->[:unityLibrary] AndroidManifest.xml:55:9-76:20
72            android:name="com.unity3d.player.UnityPlayerActivity"
72-->[:unityLibrary] AndroidManifest.xml:56:13-66
73            android:configChanges="mcc|mnc|locale|touchscreen|keyboard|keyboardHidden|navigation|orientation|screenLayout|uiMode|screenSize|smallestScreenSize|fontScale|layoutDirection|density"
73-->[:unityLibrary] AndroidManifest.xml:57:13-194
74            android:exported="true"
74-->[:unityLibrary] AndroidManifest.xml:58:13-36
75            android:hardwareAccelerated="false"
75-->[:unityLibrary] AndroidManifest.xml:59:13-48
76            android:launchMode="singleTask"
76-->[:unityLibrary] AndroidManifest.xml:60:13-44
77            android:resizeableActivity="false"
77-->[:unityLibrary] AndroidManifest.xml:61:13-47
78            android:screenOrientation="fullUser"
78-->[:unityLibrary] AndroidManifest.xml:62:13-49
79            android:theme="@style/UnityThemeSelector" >
79-->[:unityLibrary] AndroidManifest.xml:63:13-54
80            <intent-filter>
80-->[:unityLibrary] AndroidManifest.xml:64:13-68:29
81                <category android:name="android.intent.category.LAUNCHER" />
81-->[:unityLibrary] AndroidManifest.xml:65:17-77
81-->[:unityLibrary] AndroidManifest.xml:65:27-74
82
83                <action android:name="android.intent.action.MAIN" />
83-->[:unityLibrary] AndroidManifest.xml:67:17-69
83-->[:unityLibrary] AndroidManifest.xml:67:25-66
84            </intent-filter>
85
86            <meta-data
86-->[:unityLibrary] AndroidManifest.xml:70:13-72:40
87                android:name="unityplayer.UnityActivity"
87-->[:unityLibrary] AndroidManifest.xml:71:17-57
88                android:value="true" />
88-->[:unityLibrary] AndroidManifest.xml:72:17-37
89            <meta-data
89-->[:unityLibrary] AndroidManifest.xml:73:13-75:40
90                android:name="notch_support"
90-->[:unityLibrary] AndroidManifest.xml:74:17-45
91                android:value="true" />
91-->[:unityLibrary] AndroidManifest.xml:75:17-37
92        </activity>
93
94        <meta-data
94-->[:unityLibrary] AndroidManifest.xml:78:9-80:36
95            android:name="unityplayer.SkipPermissionsDialog"
95-->[:unityLibrary] AndroidManifest.xml:79:13-61
96            android:value="true" />
96-->[:unityLibrary] AndroidManifest.xml:80:13-33
97        <meta-data
97-->[:unityLibrary] AndroidManifest.xml:81:9-83:40
98            android:name="com.google.ar.core"
98-->[:unityLibrary] AndroidManifest.xml:82:13-46
99            android:value="required" /> <!-- The minimal version code of ARCore APK required for an app using this SDK. -->
99-->[:unityLibrary] AndroidManifest.xml:83:13-37
100        <meta-data
100-->[:arcore_client:] AndroidManifest.xml:36:9-38:41
101            android:name="com.google.ar.core.min_apk_version"
101-->[:arcore_client:] AndroidManifest.xml:37:13-62
102            android:value="220920000" /> <!-- This activity is critical for installing ARCore when it is not already present. -->
102-->[:arcore_client:] AndroidManifest.xml:38:13-38
103        <activity
103-->[:arcore_client:] AndroidManifest.xml:40:9-46:80
104            android:name="com.google.ar.core.InstallActivity"
104-->[:arcore_client:] AndroidManifest.xml:41:13-62
105            android:configChanges="keyboardHidden|orientation|screenSize"
105-->[:arcore_client:] AndroidManifest.xml:42:13-74
106            android:excludeFromRecents="true"
106-->[:arcore_client:] AndroidManifest.xml:43:13-46
107            android:exported="false"
107-->[:arcore_client:] AndroidManifest.xml:44:13-37
108            android:launchMode="singleTop"
108-->[:arcore_client:] AndroidManifest.xml:45:13-43
109            android:theme="@android:style/Theme.Material.Light.Dialog.Alert" />
109-->[:arcore_client:] AndroidManifest.xml:46:13-77
110    </application>
111
112</manifest>